<?xml version="1.0" encoding="UTF-8"?>
<!-- Generated by org.testng.reporters.JUnitReportReporter -->
<testsuite skipped="0" hostname="Arifur" name="com.gneric.library.BaseLogin" tests="1" failures="0" timestamp="12 Dec 2019 08:27:40 GMT" time="14.809" errors="0">
  <testcase name="login" time="14.809" classname="com.gneric.library.BaseLogin"/>
</testsuite> <!-- com.gneric.library.BaseLogin -->
